This is pdfTeX, Version 3.14159265-2.6-1.40.18 (MiKTeX 2.9.6500) (preloaded format=pdflatex 2017.11.21)  21 NOV 2017 12:51
entering extended mode
**./writeup.tex
(writeup.tex
LaTeX2e <2017-04-15>
Babel <3.15> and hyphenation patterns for 1 language(s) loaded.
(header.tex (/home/mohammed/.miktex/texmfs/install/tex/latex/base/article.cls
Document Class: article 2014/09/29 v1.4h Standard LaTeX document class
(/home/mohammed/.miktex/texmfs/install/tex/latex/base/size12.clo
File: size12.clo 2014/09/29 v1.4h Standard LaTeX file (size option)
)
\c@part=\count79
\c@section=\count80
\c@subsection=\count81
\c@subsubsection=\count82
\c@paragraph=\count83
\c@subparagraph=\count84
\c@figure=\count85
\c@table=\count86
\abovecaptionskip=\skip41
\belowcaptionskip=\skip42
\bibindent=\dimen102
)
(/home/mohammed/.miktex/texmfs/install/tex/latex/setspace/setspace.sty
Package: setspace 2011/12/19 v6.7a set line spacing
)
(/home/mohammed/.miktex/texmfs/install/tex/latex/amsmath/amsmath.sty
Package: amsmath 2017/09/02 v2.17a AMS math features
\@mathmargin=\skip43

For additional information on amsmath, use the `?' option.
(/home/mohammed/.miktex/texmfs/install/tex/latex/amsmath/amstext.sty
Package: amstext 2000/06/29 v2.01 AMS text

(/home/mohammed/.miktex/texmfs/install/tex/latex/amsmath/amsgen.sty
File: amsgen.sty 1999/11/30 v2.0 generic functions
\@emptytoks=\toks14
\ex@=\dimen103
))
(/home/mohammed/.miktex/texmfs/install/tex/latex/amsmath/amsbsy.sty
Package: amsbsy 1999/11/29 v1.2d Bold Symbols
\pmbraise@=\dimen104
)
(/home/mohammed/.miktex/texmfs/install/tex/latex/amsmath/amsopn.sty
Package: amsopn 2016/03/08 v2.02 operator names
)
\inf@bad=\count87
LaTeX Info: Redefining \frac on input line 213.
\uproot@=\count88
\leftroot@=\count89
LaTeX Info: Redefining \overline on input line 375.
\classnum@=\count90
\DOTSCASE@=\count91
LaTeX Info: Redefining \ldots on input line 472.
LaTeX Info: Redefining \dots on input line 475.
LaTeX Info: Redefining \cdots on input line 596.
\Mathstrutbox@=\box26
\strutbox@=\box27
\big@size=\dimen105
LaTeX Font Info:    Redeclaring font encoding OML on input line 712.
LaTeX Font Info:    Redeclaring font encoding OMS on input line 713.
\macc@depth=\count92
\c@MaxMatrixCols=\count93
\dotsspace@=\muskip10
\c@parentequation=\count94
\dspbrk@lvl=\count95
\tag@help=\toks15
\row@=\count96
\column@=\count97
\maxfields@=\count98
\andhelp@=\toks16
\eqnshift@=\dimen106
\alignsep@=\dimen107
\tagshift@=\dimen108
\tagwidth@=\dimen109
\totwidth@=\dimen110
\lineht@=\dimen111
\@envbody=\toks17
\multlinegap=\skip44
\multlinetaggap=\skip45
\mathdisplay@stack=\toks18
LaTeX Info: Redefining \[ on input line 2817.
LaTeX Info: Redefining \] on input line 2818.
)
(/home/mohammed/.miktex/texmfs/install/tex/latex/amsfonts/amssymb.sty
Package: amssymb 2013/01/14 v3.01 AMS font symbols

(/home/mohammed/.miktex/texmfs/install/tex/latex/amsfonts/amsfonts.sty
Package: amsfonts 2013/01/14 v3.01 Basic AMSFonts support
\symAMSa=\mathgroup4
\symAMSb=\mathgroup5
LaTeX Font Info:    Overwriting math alphabet `\mathfrak' in version `bold'
(Font)                  U/euf/m/n --> U/euf/b/n on input line 106.
))
(/home/mohammed/.miktex/texmfs/install/tex/latex/units/units.sty
Package: units 1998/08/04 v0.9b Typesetting units

(/home/mohammed/.miktex/texmfs/install/tex/latex/base/ifthen.sty
Package: ifthen 2014/09/29 v1.1c Standard LaTeX ifthen package (DPC)
)
(/home/mohammed/.miktex/texmfs/install/tex/latex/units/nicefrac.sty
Package: nicefrac 1998/08/04 v0.9b Nice fractions
\L@UnitsRaiseDisplaystyle=\skip46
\L@UnitsRaiseTextstyle=\skip47
\L@UnitsRaiseScriptstyle=\skip48
))
(/home/mohammed/.miktex/texmfs/install/tex/latex/listings/listings.sty
(/home/mohammed/.miktex/texmfs/install/tex/latex/graphics/keyval.sty
Package: keyval 2014/10/28 v1.15 key=value parser (DPC)
\KV@toks@=\toks19
)
\lst@mode=\count99
\lst@gtempboxa=\box28
\lst@token=\toks20
\lst@length=\count100
\lst@currlwidth=\dimen112
\lst@column=\count101
\lst@pos=\count102
\lst@lostspace=\dimen113
\lst@width=\dimen114
\lst@newlines=\count103
\lst@lineno=\count104
\lst@maxwidth=\dimen115

(/home/mohammed/.miktex/texmfs/install/tex/latex/listings/lstmisc.sty
File: lstmisc.sty 2015/06/04 1.6 (Carsten Heinz)
\c@lstnumber=\count105
\lst@skipnumbers=\count106
\lst@framebox=\box29
)
(/home/mohammed/.miktex/texmfs/install/tex/latex/listings/listings.cfg
File: listings.cfg 2015/06/04 1.6 listings configuration
))
Package: listings 2015/06/04 1.6 (Carsten Heinz)

(/home/mohammed/.miktex/texmfs/install/tex/latex/hyperref/hyperref.sty
Package: hyperref 2017/03/14 v6.85a Hypertext links for LaTeX

(/home/mohammed/.miktex/texmfs/install/tex/generic/oberdiek/hobsub-hyperref.sty
Package: hobsub-hyperref 2016/05/16 v1.14 Bundle oberdiek, subset hyperref (HO)

(/home/mohammed/.miktex/texmfs/install/tex/generic/oberdiek/hobsub-generic.sty
Package: hobsub-generic 2016/05/16 v1.14 Bundle oberdiek, subset generic (HO)
Package: hobsub 2016/05/16 v1.14 Construct package bundles (HO)
Package: infwarerr 2016/05/16 v1.4 Providing info/warning/error messages (HO)
Package: ltxcmds 2016/05/16 v1.23 LaTeX kernel commands for general use (HO)
Package: ifluatex 2016/05/16 v1.4 Provides the ifluatex switch (HO)
Package ifluatex Info: LuaTeX not detected.
Package: ifvtex 2016/05/16 v1.6 Detect VTeX and its facilities (HO)
Package ifvtex Info: VTeX not detected.
Package: intcalc 2016/05/16 v1.2 Expandable calculations with integers (HO)
Package: ifpdf 2017/03/15 v3.2 Provides the ifpdf switch
Package: etexcmds 2016/05/16 v1.6 Avoid name clashes with e-TeX commands (HO)
Package etexcmds Info: Could not find \expanded.
(etexcmds)             That can mean that you are not using pdfTeX 1.50 or
(etexcmds)             that some package has redefined \expanded.
(etexcmds)             In the latter case, load this package earlier.
Package: kvsetkeys 2016/05/16 v1.17 Key value parser (HO)
Package: kvdefinekeys 2016/05/16 v1.4 Define keys (HO)
Package: pdftexcmds 2017/03/19 v0.25 Utility functions of pdfTeX for LuaTeX (HO
)
Package pdftexcmds Info: LuaTeX not detected.
Package pdftexcmds Info: \pdf@primitive is available.
Package pdftexcmds Info: \pdf@ifprimitive is available.
Package pdftexcmds Info: \pdfdraftmode found.
Package: pdfescape 2016/05/16 v1.14 Implements pdfTeX's escape features (HO)
Package: bigintcalc 2016/05/16 v1.4 Expandable calculations on big integers (HO
)
Package: bitset 2016/05/16 v1.2 Handle bit-vector datatype (HO)
Package: uniquecounter 2016/05/16 v1.3 Provide unlimited unique counter (HO)
)
Package hobsub Info: Skipping package `hobsub' (already loaded).
Package: letltxmacro 2016/05/16 v1.5 Let assignment for LaTeX macros (HO)
Package: hopatch 2016/05/16 v1.3 Wrapper for package hooks (HO)
Package: xcolor-patch 2016/05/16 xcolor patch
Package: atveryend 2016/05/16 v1.9 Hooks at the very end of document (HO)
Package atveryend Info: \enddocument detected (standard20110627).
Package: atbegshi 2016/06/09 v1.18 At begin shipout hook (HO)
Package: refcount 2016/05/16 v3.5 Data extraction from label references (HO)
Package: hycolor 2016/05/16 v1.8 Color options for hyperref/bookmark (HO)
) (/home/mohammed/.miktex/texmfs/install/tex/generic/ifxetex/ifxetex.sty
Package: ifxetex 2010/09/12 v0.6 Provides ifxetex conditional
)
(/home/mohammed/.miktex/texmfs/install/tex/latex/oberdiek/auxhook.sty
Package: auxhook 2016/05/16 v1.4 Hooks for auxiliary files (HO)
)
(/home/mohammed/.miktex/texmfs/install/tex/latex/oberdiek/kvoptions.sty
Package: kvoptions 2016/05/16 v3.12 Key value format for package options (HO)
)
\@linkdim=\dimen116
\Hy@linkcounter=\count107
\Hy@pagecounter=\count108

(/home/mohammed/.miktex/texmfs/install/tex/latex/hyperref/pd1enc.def
File: pd1enc.def 2017/03/14 v6.85a Hyperref: PDFDocEncoding definition (HO)
)
\Hy@SavedSpaceFactor=\count109

(/home/mohammed/.miktex/texmfs/install/tex/latex/00miktex/hyperref.cfg
File: hyperref.cfg 2002/06/06 v1.2 hyperref configuration of TeXLive
)
Package hyperref Info: Hyper figures OFF on input line 4498.
Package hyperref Info: Link nesting OFF on input line 4503.
Package hyperref Info: Hyper index ON on input line 4506.
Package hyperref Info: Plain pages OFF on input line 4513.
Package hyperref Info: Backreferencing OFF on input line 4518.
Package hyperref Info: Implicit mode ON; LaTeX internals redefined.
Package hyperref Info: Bookmarks ON on input line 4751.
\c@Hy@tempcnt=\count110

(/home/mohammed/.miktex/texmfs/install/tex/latex/url/url.sty
\Urlmuskip=\muskip11
Package: url 2013/09/16  ver 3.4  Verb mode for urls, etc.
)
LaTeX Info: Redefining \url on input line 5104.
\XeTeXLinkMargin=\dimen117
\Fld@menulength=\count111
\Field@Width=\dimen118
\Fld@charsize=\dimen119
Package hyperref Info: Hyper figures OFF on input line 6358.
Package hyperref Info: Link nesting OFF on input line 6363.
Package hyperref Info: Hyper index ON on input line 6366.
Package hyperref Info: backreferencing OFF on input line 6373.
Package hyperref Info: Link coloring OFF on input line 6378.
Package hyperref Info: Link coloring with OCG OFF on input line 6383.
Package hyperref Info: PDF/A mode OFF on input line 6388.
LaTeX Info: Redefining \ref on input line 6428.
LaTeX Info: Redefining \pageref on input line 6432.
\Hy@abspage=\count112
\c@Item=\count113
\c@Hfootnote=\count114
)

Package hyperref Message: Driver (autodetected): hpdftex.

(/home/mohammed/.miktex/texmfs/install/tex/latex/hyperref/hpdftex.def
File: hpdftex.def 2017/03/14 v6.85a Hyperref driver for pdfTeX
\Fld@listcount=\count115
\c@bookmark@seq@number=\count116

(/home/mohammed/.miktex/texmfs/install/tex/latex/oberdiek/rerunfilecheck.sty
Package: rerunfilecheck 2016/05/16 v1.8 Rerun checks for auxiliary files (HO)
Package uniquecounter Info: New unique counter `rerunfilecheck' on input line 2
82.
)
\Hy@SectionHShift=\skip49
)
(/home/mohammed/.miktex/texmfs/install/tex/latex/graphics/graphicx.sty
Package: graphicx 2017/06/01 v1.1a Enhanced LaTeX Graphics (DPC,SPQR)

(/home/mohammed/.miktex/texmfs/install/tex/latex/graphics/graphics.sty
Package: graphics 2017/06/25 v1.2c Standard LaTeX Graphics (DPC,SPQR)

(/home/mohammed/.miktex/texmfs/install/tex/latex/graphics/trig.sty
Package: trig 2016/01/03 v1.10 sin cos tan (DPC)
)
(/home/mohammed/.miktex/texmfs/install/tex/latex/graphics-cfg/graphics.cfg
File: graphics.cfg 2016/06/04 v1.11 sample graphics configuration
)
Package graphics Info: Driver file: pdftex.def on input line 99.

(/home/mohammed/.miktex/texmfs/install/tex/latex/graphics-def/pdftex.def
File: pdftex.def 2017/06/24 v1.0g Graphics/color driver for pdftex
))
\Gin@req@height=\dimen120
\Gin@req@width=\dimen121
)
(/home/mohammed/.miktex/texmfs/install/tex/latex/tools/multicol.sty
Package: multicol 2017/04/11 v1.8q multicolumn formatting (FMi)
\c@tracingmulticols=\count117
\mult@box=\box30
\multicol@leftmargin=\dimen122
\c@unbalance=\count118
\c@collectmore=\count119
\doublecol@number=\count120
\multicoltolerance=\count121
\multicolpretolerance=\count122
\full@width=\dimen123
\page@free=\dimen124
\premulticols=\dimen125
\postmulticols=\dimen126
\multicolsep=\skip50
\multicolbaselineskip=\skip51
\partial@page=\box31
\last@line=\box32
\maxbalancingoverflow=\dimen127
\mult@rightbox=\box33
\mult@grightbox=\box34
\mult@gfirstbox=\box35
\mult@firstbox=\box36
\@tempa=\box37
\@tempa=\box38
\@tempa=\box39
\@tempa=\box40
\@tempa=\box41
\@tempa=\box42
\@tempa=\box43
\@tempa=\box44
\@tempa=\box45
\@tempa=\box46
\@tempa=\box47
\@tempa=\box48
\@tempa=\box49
\@tempa=\box50
\@tempa=\box51
\@tempa=\box52
\@tempa=\box53
\c@columnbadness=\count123
\c@finalcolumnbadness=\count124
\last@try=\dimen128
\multicolovershoot=\dimen129
\multicolundershoot=\dimen130
\mult@nat@firstbox=\box54
\colbreak@box=\box55
\mc@col@check@num=\count125
)
(/home/mohammed/.miktex/texmfs/install/tex/latex/geometry-de/geometry.sty
Package: geometry 2010/09/12 v5.6 Page Geometry
\Gm@cnth=\count126
\Gm@cntv=\count127
\c@Gm@tempcnt=\count128
\Gm@bindingoffset=\dimen131
\Gm@wd@mp=\dimen132
\Gm@odd@mp=\dimen133
\Gm@even@mp=\dimen134
\Gm@layoutwidth=\dimen135
\Gm@layoutheight=\dimen136
\Gm@layouthoffset=\dimen137
\Gm@layoutvoffset=\dimen138
\Gm@dimlist=\toks21

(/home/mohammed/.miktex/texmfs/install/tex/latex/geometry/geometry.cfg))
(/home/mohammed/.miktex/texmfs/install/tex/latex/natbib/natbib.sty
Package: natbib 2010/09/13 8.31b (PWD, AO)
\bibhang=\skip52
\bibsep=\skip53
LaTeX Info: Redefining \cite on input line 694.
\c@NAT@ctr=\count129
)
(/home/mohammed/.miktex/texmfs/install/tex/latex/float/float.sty
Package: float 2001/11/08 v1.3d Float enhancements (AL)
\c@float@type=\count130
\float@exts=\toks22
\float@box=\box56
\@float@everytoks=\toks23
\@floatcapt=\box57
)
\c@prop=\count131
\c@thm=\count132
\c@dfn=\count133

(/home/mohammed/.miktex/texmfs/install/tex/latex/scalerel/scalerel.sty
Package: scalerel 2016/12/29 v1.8 Routines for constrained scaling and stretchi
ng of objects, relative to a reference object or in absolute terms

(/home/mohammed/.miktex/texmfs/install/tex/latex/tools/calc.sty
Package: calc 2014/10/28 v4.3 Infix arithmetic (KKT,FJ)
\calc@Acount=\count134
\calc@Bcount=\count135
\calc@Adimen=\dimen139
\calc@Bdimen=\dimen140
\calc@Askip=\skip54
\calc@Bskip=\skip55
LaTeX Info: Redefining \setlength on input line 80.
LaTeX Info: Redefining \addtolength on input line 81.
\calc@Ccount=\count136
\calc@Cskip=\skip56
)
(/home/mohammed/.miktex/texmfs/install/tex/latex/etoolbox/etoolbox.sty
Package: etoolbox 2017/01/02 v2.4 e-TeX tools for LaTeX (JAW)
\etb@tempcnta=\count137
)
\thesrwidth=\skip57
\thesrheight=\skip58
\srblobheight=\skip59
\srblobdepth=\skip60
\mnxsrwidth=\skip61
\LMex=\skip62
\LMpt=\skip63
))
(/home/mohammed/.miktex/texmfs/install/tex/latex/caption/subcaption.sty
Package: subcaption 2016/05/22 v1.1-161 Sub-captions (AR)

(/home/mohammed/.miktex/texmfs/install/tex/latex/caption/caption.sty
Package: caption 2016/02/21 v3.3-144 Customizing captions (AR)

(/home/mohammed/.miktex/texmfs/install/tex/latex/caption/caption3.sty
Package: caption3 2016/05/22 v1.7-166 caption3 kernel (AR)
Package caption3 Info: TeX engine: e-TeX on input line 67.
\captionmargin=\dimen141
\captionmargin@=\dimen142
\captionwidth=\dimen143
\caption@tempdima=\dimen144
\caption@indent=\dimen145
\caption@parindent=\dimen146
\caption@hangindent=\dimen147
)
\c@ContinuedFloat=\count138
Package caption Info: float package is loaded.
Package caption Info: hyperref package is loaded.
Package caption Info: listings package is loaded.
)
\c@subfigure=\count139
\c@subtable=\count140
)
(writeup.aux)
\openout1 = `writeup.aux'.

LaTeX Font Info:    Checking defaults for OML/cmm/m/it on input line 5.
LaTeX Font Info:    ... okay on input line 5.
LaTeX Font Info:    Checking defaults for T1/cmr/m/n on input line 5.
LaTeX Font Info:    ... okay on input line 5.
LaTeX Font Info:    Checking defaults for OT1/cmr/m/n on input line 5.
LaTeX Font Info:    ... okay on input line 5.
LaTeX Font Info:    Checking defaults for OMS/cmsy/m/n on input line 5.
LaTeX Font Info:    ... okay on input line 5.
LaTeX Font Info:    Checking defaults for OMX/cmex/m/n on input line 5.
LaTeX Font Info:    ... okay on input line 5.
LaTeX Font Info:    Checking defaults for U/cmr/m/n on input line 5.
LaTeX Font Info:    ... okay on input line 5.
LaTeX Font Info:    Checking defaults for PD1/pdf/m/n on input line 5.
LaTeX Font Info:    ... okay on input line 5.
\c@lstlisting=\count141
\AtBeginShipoutBox=\box58
Package hyperref Info: Link coloring OFF on input line 5.

(/home/mohammed/.miktex/texmfs/install/tex/latex/hyperref/nameref.sty
Package: nameref 2016/05/21 v2.44 Cross-referencing by name of section

(/home/mohammed/.miktex/texmfs/install/tex/generic/oberdiek/gettitlestring.sty
Package: gettitlestring 2016/05/16 v1.5 Cleanup title references (HO)
)
\c@section@level=\count142
)
LaTeX Info: Redefining \ref on input line 5.
LaTeX Info: Redefining \pageref on input line 5.
LaTeX Info: Redefining \nameref on input line 5.
 (writeup.out) (writeup.out)
\@outlinefile=\write3
\openout3 = `writeup.out'.


(/home/mohammed/.miktex/texmfs/install/tex/context/base/supp-pdf.mkii
[Loading MPS to PDF converter (version 2006.09.02).]
\scratchcounter=\count143
\scratchdimen=\dimen148
\scratchbox=\box59
\nofMPsegments=\count144
\nofMParguments=\count145
\everyMPshowfont=\toks24
\MPscratchCnt=\count146
\MPscratchDim=\dimen149
\MPnumerator=\count147
\makeMPintoPDFobject=\count148
\everyMPtoPDFconversion=\toks25
) (/home/mohammed/.miktex/texmfs/install/tex/latex/oberdiek/epstopdf-base.sty
Package: epstopdf-base 2016/05/15 v2.6 Base part for package epstopdf

(/home/mohammed/.miktex/texmfs/install/tex/latex/oberdiek/grfext.sty
Package: grfext 2016/05/16 v1.2 Manage graphics extensions (HO)
)
Package epstopdf-base Info: Redefining graphics rule for `.eps' on input line 4
38.
Package grfext Info: Graphics extension search list:
(grfext)             [.pdf,.png,.jpg,.mps,.jpeg,.jbig2,.jb2,.PDF,.PNG,.JPG,.JPE
G,.JBIG2,.JB2,.eps]
(grfext)             \AppendGraphicsExtensions on input line 456.
)
*geometry* detected driver: dvips
*geometry* verbose mode - [ preamble ] result:
* driver: dvips
* paper: letterpaper
* layout: <same size as paper>
* layoutoffset:(h,v)=(0.0pt,0.0pt)
* modes: 
* h-part:(L,W,R)=(54.2025pt, 505.89pt, 54.2025pt)
* v-part:(T,H,B)=(54.2025pt, 704.63249pt, 36.135pt)
* \paperwidth=614.295pt
* \paperheight=794.96999pt
* \textwidth=505.89pt
* \textheight=704.63249pt
* \oddsidemargin=-18.06749pt
* \evensidemargin=-18.06749pt
* \topmargin=-55.06749pt
* \headheight=12.0pt
* \headsep=25.0pt
* \topskip=12.0pt
* \footskip=30.0pt
* \marginparwidth=44.0pt
* \marginparsep=10.0pt
* \columnsep=10.0pt
* \skip\footins=10.8pt plus 4.0pt minus 2.0pt
* \hoffset=0.0pt
* \voffset=0.0pt
* \mag=1000
* \@twocolumnfalse
* \@twosidefalse
* \@mparswitchfalse
* \@reversemarginfalse
* (1in=72.27pt=25.4mm, 1cm=28.453pt)

Package caption Info: Begin \AtBeginDocument code.
Package caption Info: End \AtBeginDocument code.
<plots_p1/LF2_e05_xy.png, id=7, 542.56703pt x 425.48962pt>
File: plots_p1/LF2_e05_xy.png Graphic file (type png)
<use plots_p1/LF2_e05_xy.png>
Package pdftex.def Info: plots_p1/LF2_e05_xy.png  used on input line 20. on inp
ut line 20.
Package pdftex.def Info: Requested size: 242.82503pt x 190.42328pt on input lin
e 20.
<plots_p1/RK4_e05_xy.png, id=9, 542.56703pt x 425.48962pt>
File: plots_p1/RK4_e05_xy.png Graphic file (type png)
<use plots_p1/RK4_e05_xy.png>
Package pdftex.def Info: plots_p1/RK4_e05_xy.png  used on input line 25. on inp
ut line 25.
Package pdftex.def Info: Requested size: 242.82503pt x 190.42328pt on input lin
e 25.
<plots_p1/LF2_e05_rv.png, id=10, 535.34003pt x 425.85097pt>
File: plots_p1/LF2_e05_rv.png Graphic file (type png)
<use plots_p1/LF2_e05_rv.png>
Package pdftex.def Info: plots_p1/LF2_e05_rv.png  used on input line 32. on inp
ut line 32.
Package pdftex.def Info: Requested size: 242.82503pt x 193.16467pt on input lin
e 32.
<plots_p1/RK4_e05_rv.png, id=11, 538.05016pt x 425.85097pt>
File: plots_p1/RK4_e05_rv.png Graphic file (type png)
<use plots_p1/RK4_e05_rv.png>
Package pdftex.def Info: plots_p1/RK4_e05_rv.png  used on input line 37. on inp
ut line 37.
Package pdftex.def Info: Requested size: 242.82503pt x 192.18349pt on input lin
e 37.
<plots_p1/LF2_e05_energy.png, id=12, 596.76953pt x 439.4016pt>
File: plots_p1/LF2_e05_energy.png Graphic file (type png)
<use plots_p1/LF2_e05_energy.png>
Package pdftex.def Info: plots_p1/LF2_e05_energy.png  used on input line 44. on
 input line 44.
Package pdftex.def Info: Requested size: 242.82503pt x 178.78806pt on input lin
e 44.
<plots_p1/RK4_e05_energy.png, id=13, 588.63914pt x 439.4016pt>
File: plots_p1/RK4_e05_energy.png Graphic file (type png)
<use plots_p1/RK4_e05_energy.png>
Package pdftex.def Info: plots_p1/RK4_e05_energy.png  used on input line 49. on
 input line 49.
Package pdftex.def Info: Requested size: 242.82503pt x 181.26208pt on input lin
e 49.
[1
Non-PDF special ignored!

{/home/mohammed/.miktex/texmfs/data/pdftex/config/pdftex.map} <./plots_p1/LF2_e
05_xy.png> <./plots_p1/RK4_e05_xy.png> <./plots_p1/LF2_e05_rv.png> <./plots_p1/
RK4_e05_rv.png>]
<plots_p1/LF2_e09_xy.png, id=28, 542.56703pt x 425.48962pt>
File: plots_p1/LF2_e09_xy.png Graphic file (type png)
<use plots_p1/LF2_e09_xy.png>
Package pdftex.def Info: plots_p1/LF2_e09_xy.png  used on input line 60. on inp
ut line 60.
Package pdftex.def Info: Requested size: 242.82503pt x 190.42328pt on input lin
e 60.
<plots_p1/RK4_e09_xy.png, id=29, 552.8655pt x 425.48962pt>
File: plots_p1/RK4_e09_xy.png Graphic file (type png)
<use plots_p1/RK4_e09_xy.png>
Package pdftex.def Info: plots_p1/RK4_e09_xy.png  used on input line 65. on inp
ut line 65.
Package pdftex.def Info: Requested size: 242.82503pt x 186.8784pt on input line
 65.
<plots_p1/LF2_e09_rv.png, id=30, 519.98265pt x 425.85097pt>
File: plots_p1/LF2_e09_rv.png Graphic file (type png)
<use plots_p1/LF2_e09_rv.png>
Package pdftex.def Info: plots_p1/LF2_e09_rv.png  used on input line 72. on inp
ut line 72.
Package pdftex.def Info: Requested size: 242.82503pt x 198.86987pt on input lin
e 72.
<plots_p1/RK4_e09_rv.png, id=31, 522.69278pt x 425.85097pt>
File: plots_p1/RK4_e09_rv.png Graphic file (type png)
<use plots_p1/RK4_e09_rv.png>
Package pdftex.def Info: plots_p1/RK4_e09_rv.png  used on input line 77. on inp
ut line 77.
Package pdftex.def Info: Requested size: 242.82503pt x 197.8367pt on input line
 77.
<plots_p1/LF2_e09_energy.png, id=32, 586.47105pt x 439.4016pt>
File: plots_p1/LF2_e09_energy.png Graphic file (type png)
<use plots_p1/LF2_e09_energy.png>
Package pdftex.def Info: plots_p1/LF2_e09_energy.png  used on input line 84. on
 input line 84.
Package pdftex.def Info: Requested size: 242.82503pt x 181.92586pt on input lin
e 84.
<plots_p1/RK4_e09_energy.png, id=33, 578.52135pt x 439.4016pt>
File: plots_p1/RK4_e09_energy.png Graphic file (type png)
<use plots_p1/RK4_e09_energy.png>
Package pdftex.def Info: plots_p1/RK4_e09_energy.png  used on input line 89. on
 input line 89.
Package pdftex.def Info: Requested size: 242.82503pt x 184.42671pt on input lin
e 89.
 [2 <./plots_p1/LF2_e05_energy.png> <./plots_p1/RK4_e05_energy.png> <./plots_p1
/LF2_e09_xy.png> <./plots_p1/RK4_e09_xy.png> <./plots_p1/LF2_e09_rv.png> <./plo
ts_p1/RK4_e09_rv.png>]
LaTeX Font Info:    Try loading font information for OMS+cmr on input line 97.

(/home/mohammed/.miktex/texmfs/install/tex/latex/base/omscmr.fd
File: omscmr.fd 2014/09/29 v2.5h Standard LaTeX font definitions
)
LaTeX Font Info:    Font shape `OMS/cmr/m/n' in size <12> not available
(Font)              Font shape `OMS/cmsy/m/n' tried instead on input line 97.
LaTeX Font Info:    Try loading font information for U+msa on input line 116.

(/home/mohammed/.miktex/texmfs/install/tex/latex/amsfonts/umsa.fd
File: umsa.fd 2013/01/14 v3.01 AMS symbols A
)
LaTeX Font Info:    Try loading font information for U+msb on input line 116.

(/home/mohammed/.miktex/texmfs/install/tex/latex/amsfonts/umsb.fd
File: umsb.fd 2013/01/14 v3.01 AMS symbols B
)
<../simulations/imf.pdf, id=49, pagebox=cropbox, 462.52798pt x 346.89601pt>
File: ../simulations/imf.pdf Graphic file (type pdf)
<use ../simulations/imf.pdf>
Package pdftex.def Info: ../simulations/imf.pdf  used on input line 136. on inp
ut line 136.
Package pdftex.def Info: Requested size: 303.53708pt x 227.66582pt on input lin
e 136.
 [3 <./plots_p1/LF2_e09_energy.png> <./plots_p1/RK4_e09_energy.png>]
<../simulations/energy_compare_epsilon.pdf, id=72, pagebox=cropbox, 462.52798pt
 x 346.89601pt>
File: ../simulations/energy_compare_epsilon.pdf Graphic file (type pdf)
<use ../simulations/energy_compare_epsilon.pdf>
Package pdftex.def Info: ../simulations/energy_compare_epsilon.pdf  used on inp
ut line 175. on input line 175.
Package pdftex.def Info: Requested size: 242.82503pt x 182.12312pt on input lin
e 175.
<../simulations/energy_compare_PP_BH.pdf, id=73, pagebox=cropbox, 462.52798pt x
 346.89601pt>
File: ../simulations/energy_compare_PP_BH.pdf Graphic file (type pdf)
<use ../simulations/energy_compare_PP_BH.pdf>
Package pdftex.def Info: ../simulations/energy_compare_PP_BH.pdf  used on input
 line 179. on input line 179.
Package pdftex.def Info: Requested size: 242.82503pt x 182.12312pt on input lin
e 179.
 [4 <../simulations/imf.pdf>] [5 <../simulations/energy_compare_epsilon.pdf> <.
./simulations/energy_compare_PP_BH.pdf

pdfTeX warning: pdflatex (file ../simulations/energy_compare_PP_BH.pdf): PDF in
clusion: multiple pdfs with page group included in a single page
>]
Package atveryend Info: Empty hook `BeforeClearDocument' on input line 312.
 [6]
Package atveryend Info: Empty hook `AfterLastShipout' on input line 312.
 (writeup.aux)
Package atveryend Info: Executing hook `AtVeryEndDocument' on input line 312.
Package atveryend Info: Executing hook `AtEndAfterFileList' on input line 312.
Package rerunfilecheck Info: File `writeup.out' has not changed.
(rerunfilecheck)             Checksum: 1D86CF263E38A636BA6BC97ECDB8E88D;44.
Package atveryend Info: Empty hook `AtVeryVeryEnd' on input line 312.
 ) 
Here is how much of TeX's memory you used:
 9810 strings out of 495212
 145465 string characters out of 3181183
 241826 words of memory out of 3000000
 12939 multiletter control sequences out of 15000+200000
 13397 words of font info for 51 fonts, out of 3000000 for 9000
 14 hyphenation exceptions out of 8191
 42i,13n,40p,971b,396s stack positions out of 5000i,500n,10000p,200000b,50000s
</home/mohammed/.miktex/texmfs/install/fonts/type1/public/amsfonts/cm/cmbx12.
pfb></home/mohammed/.miktex/texmfs/install/fonts/type1/public/amsfonts/cm/cmex1
0.pfb></home/mohammed/.miktex/texmfs/install/fonts/type1/public/amsfonts/cm/cmm
i10.pfb></home/mohammed/.miktex/texmfs/install/fonts/type1/public/amsfonts/cm/c
mmi12.pfb></home/mohammed/.miktex/texmfs/install/fonts/type1/public/amsfonts/cm
/cmmi8.pfb></home/mohammed/.miktex/texmfs/install/fonts/type1/public/amsfonts/c
m/cmr10.pfb></home/mohammed/.miktex/texmfs/install/fonts/type1/public/amsfonts/
cm/cmr12.pfb></home/mohammed/.miktex/texmfs/install/fonts/type1/public/amsfonts
/cm/cmr6.pfb></home/mohammed/.miktex/texmfs/install/fonts/type1/public/amsfonts
/cm/cmr7.pfb></home/mohammed/.miktex/texmfs/install/fonts/type1/public/amsfonts
/cm/cmr8.pfb></home/mohammed/.miktex/texmfs/install/fonts/type1/public/amsfonts
/cm/cmsy10.pfb></home/mohammed/.miktex/texmfs/install/fonts/type1/public/amsfon
ts/cm/cmsy7.pfb></home/mohammed/.miktex/texmfs/install/fonts/type1/public/amsfo
nts/cm/cmsy8.pfb></home/mohammed/.miktex/texmfs/install/fonts/type1/public/amsf
onts/cm/cmti12.pfb>
Output written on writeup.pdf (6 pages, 4522293 bytes).
PDF statistics:
 260 PDF objects out of 1000 (max. 8388607)
 37 named destinations out of 1000 (max. 500000)
 84 words of extra memory for PDF output out of 10000 (max. 10000000)

